c:\users\bmt.000\dropbox\2019gameprogramming\3dgameprogramming\gameproto_2camera\gameproto\debug\vc141.pdb
c:\users\bmt.000\dropbox\2019gameprogramming\3dgameprogramming\gameproto_2camera\gameproto\debug\vc141.idb
c:\users\bmt.000\dropbox\2019gameprogramming\3dgameprogramming\gameproto_2camera\gameproto\debug\texture.obj
c:\users\bmt.000\dropbox\2019gameprogramming\3dgameprogramming\gameproto_2camera\gameproto\debug\testscene.obj
c:\users\bmt.000\dropbox\2019gameprogramming\3dgameprogramming\gameproto_2camera\gameproto\debug\skeleton.obj
c:\users\bmt.000\dropbox\2019gameprogramming\3dgameprogramming\gameproto_2camera\gameproto\debug\skeletalmeshcomponent.obj
c:\users\bmt.000\dropbox\2019gameprogramming\3dgameprogramming\gameproto_2camera\gameproto\debug\shader.obj
c:\users\bmt.000\dropbox\2019gameprogramming\3dgameprogramming\gameproto_2camera\gameproto\debug\component.obj
c:\users\bmt.000\dropbox\2019gameprogramming\3dgameprogramming\gameproto_2camera\gameproto\debug\input.obj
c:\users\bmt.000\dropbox\2019gameprogramming\3dgameprogramming\gameproto_2camera\gameproto\debug\renderer.obj
c:\users\bmt.000\dropbox\2019gameprogramming\3dgameprogramming\gameproto_2camera\gameproto\debug\playeractor.obj
c:\users\bmt.000\dropbox\2019gameprogramming\3dgameprogramming\gameproto_2camera\gameproto\debug\meshcomponent.obj
c:\users\bmt.000\dropbox\2019gameprogramming\3dgameprogramming\gameproto_2camera\gameproto\debug\mesh.obj
c:\users\bmt.000\dropbox\2019gameprogramming\3dgameprogramming\gameproto_2camera\gameproto\debug\math.obj
c:\users\bmt.000\dropbox\2019gameprogramming\3dgameprogramming\gameproto_2camera\gameproto\debug\main.obj
c:\users\bmt.000\dropbox\2019gameprogramming\3dgameprogramming\gameproto_2camera\gameproto\debug\lookdowncamera.obj
c:\users\bmt.000\dropbox\2019gameprogramming\3dgameprogramming\gameproto_2camera\gameproto\debug\game.obj
c:\users\bmt.000\dropbox\2019gameprogramming\3dgameprogramming\gameproto_2camera\gameproto\debug\debuggrid.obj
c:\users\bmt.000\dropbox\2019gameprogramming\3dgameprogramming\gameproto_2camera\gameproto\debug\cameraactor.obj
c:\users\bmt.000\dropbox\2019gameprogramming\3dgameprogramming\gameproto_2camera\gameproto\debug\bonetransform.obj
c:\users\bmt.000\dropbox\2019gameprogramming\3dgameprogramming\gameproto_2camera\gameproto\debug\animation.obj
c:\users\bmt.000\dropbox\2019gameprogramming\3dgameprogramming\gameproto_2camera\gameproto\debug\actor.obj
c:\users\bmt.000\dropbox\2019gameprogramming\3dgameprogramming\gameproto_2camera\gameproto\debug\gameproto.tlog\cl.command.1.tlog
c:\users\bmt.000\dropbox\2019gameprogramming\3dgameprogramming\gameproto_2camera\gameproto\debug\gameproto.tlog\cl.read.1.tlog
c:\users\bmt.000\dropbox\2019gameprogramming\3dgameprogramming\gameproto_2camera\gameproto\debug\gameproto.tlog\cl.write.1.tlog
