c:\users\bmt.000\dropbox\2019gameprogramming\3dgameprogramming\gameproto_2camera\gameproto\win32\debug\gameproto\texture.obj
c:\users\bmt.000\dropbox\2019gameprogramming\3dgameprogramming\gameproto_2camera\gameproto\win32\debug\gameproto\testscene.obj
c:\users\bmt.000\dropbox\2019gameprogramming\3dgameprogramming\gameproto_2camera\gameproto\win32\debug\gameproto\skeleton.obj
c:\users\bmt.000\dropbox\2019gameprogramming\3dgameprogramming\gameproto_2camera\gameproto\win32\debug\gameproto\skeletalmeshcomponent.obj
c:\users\bmt.000\dropbox\2019gameprogramming\3dgameprogramming\gameproto_2camera\gameproto\win32\debug\gameproto\shader.obj
c:\users\bmt.000\dropbox\2019gameprogramming\3dgameprogramming\gameproto_2camera\gameproto\win32\debug\gameproto\component.obj
c:\users\bmt.000\dropbox\2019gameprogramming\3dgameprogramming\gameproto_2camera\gameproto\win32\debug\gameproto\input.obj
c:\users\bmt.000\dropbox\2019gameprogramming\3dgameprogramming\gameproto_2camera\gameproto\win32\debug\gameproto\renderer.obj
c:\users\bmt.000\dropbox\2019gameprogramming\3dgameprogramming\gameproto_2camera\gameproto\win32\debug\gameproto\playeractor.obj
c:\users\bmt.000\dropbox\2019gameprogramming\3dgameprogramming\gameproto_2camera\gameproto\win32\debug\gameproto\meshcomponent.obj
c:\users\bmt.000\dropbox\2019gameprogramming\3dgameprogramming\gameproto_2camera\gameproto\win32\debug\gameproto\mesh.obj
c:\users\bmt.000\dropbox\2019gameprogramming\3dgameprogramming\gameproto_2camera\gameproto\win32\debug\gameproto\math.obj
c:\users\bmt.000\dropbox\2019gameprogramming\3dgameprogramming\gameproto_2camera\gameproto\win32\debug\gameproto\main.obj
c:\users\bmt.000\dropbox\2019gameprogramming\3dgameprogramming\gameproto_2camera\gameproto\win32\debug\gameproto\lookdowncamera.obj
c:\users\bmt.000\dropbox\2019gameprogramming\3dgameprogramming\gameproto_2camera\gameproto\win32\debug\gameproto\game.obj
c:\users\bmt.000\dropbox\2019gameprogramming\3dgameprogramming\gameproto_2camera\gameproto\win32\debug\gameproto\debuggrid.obj
c:\users\bmt.000\dropbox\2019gameprogramming\3dgameprogramming\gameproto_2camera\gameproto\win32\debug\gameproto\cameraactor.obj
c:\users\bmt.000\dropbox\2019gameprogramming\3dgameprogramming\gameproto_2camera\gameproto\win32\debug\gameproto\bonetransform.obj
c:\users\bmt.000\dropbox\2019gameprogramming\3dgameprogramming\gameproto_2camera\gameproto\win32\debug\gameproto\animation.obj
c:\users\bmt.000\dropbox\2019gameprogramming\3dgameprogramming\gameproto_2camera\gameproto\win32\debug\gameproto\actor.obj
c:\users\bmt.000\dropbox\2019gameprogramming\3dgameprogramming\gameproto_2camera\gameproto\win32\debug\gameproto\vertexarray.obj
c:\users\bmt.000\dropbox\2019gameprogramming\3dgameprogramming\gameproto_2camera\gameproto\win32\debug\gameproto\vc141.pdb
c:\users\bmt.000\dropbox\2019gameprogramming\3dgameprogramming\gameproto_2camera_tutorial\gameproto\win32\debug\gameproto\texture.obj
c:\users\bmt.000\dropbox\2019gameprogramming\3dgameprogramming\gameproto_2camera_tutorial\gameproto\win32\debug\gameproto\testscene.obj
c:\users\bmt.000\dropbox\2019gameprogramming\3dgameprogramming\gameproto_2camera_tutorial\gameproto\win32\debug\gameproto\skeleton.obj
c:\users\bmt.000\dropbox\2019gameprogramming\3dgameprogramming\gameproto_2camera_tutorial\gameproto\win32\debug\gameproto\skeletalmeshcomponent.obj
c:\users\bmt.000\dropbox\2019gameprogramming\3dgameprogramming\gameproto_2camera_tutorial\gameproto\win32\debug\gameproto\shader.obj
c:\users\bmt.000\dropbox\2019gameprogramming\3dgameprogramming\gameproto_2camera_tutorial\gameproto\win32\debug\gameproto\component.obj
c:\users\bmt.000\dropbox\2019gameprogramming\3dgameprogramming\gameproto_2camera_tutorial\gameproto\win32\debug\gameproto\input.obj
c:\users\bmt.000\dropbox\2019gameprogramming\3dgameprogramming\gameproto_2camera_tutorial\gameproto\win32\debug\gameproto\renderer.obj
c:\users\bmt.000\dropbox\2019gameprogramming\3dgameprogramming\gameproto_2camera_tutorial\gameproto\win32\debug\gameproto\playeractor.obj
c:\users\bmt.000\dropbox\2019gameprogramming\3dgameprogramming\gameproto_2camera_tutorial\gameproto\win32\debug\gameproto\meshcomponent.obj
c:\users\bmt.000\dropbox\2019gameprogramming\3dgameprogramming\gameproto_2camera_tutorial\gameproto\win32\debug\gameproto\mesh.obj
c:\users\bmt.000\dropbox\2019gameprogramming\3dgameprogramming\gameproto_2camera_tutorial\gameproto\win32\debug\gameproto\math.obj
c:\users\bmt.000\dropbox\2019gameprogramming\3dgameprogramming\gameproto_2camera_tutorial\gameproto\win32\debug\gameproto\main.obj
c:\users\bmt.000\dropbox\2019gameprogramming\3dgameprogramming\gameproto_2camera_tutorial\gameproto\win32\debug\gameproto\lookdowncamera.obj
c:\users\bmt.000\dropbox\2019gameprogramming\3dgameprogramming\gameproto_2camera_tutorial\gameproto\win32\debug\gameproto\game.obj
c:\users\bmt.000\dropbox\2019gameprogramming\3dgameprogramming\gameproto_2camera_tutorial\gameproto\win32\debug\gameproto\bonetransform.obj
c:\users\bmt.000\dropbox\2019gameprogramming\3dgameprogramming\gameproto_2camera_tutorial\gameproto\win32\debug\gameproto\animation.obj
c:\users\bmt.000\dropbox\2019gameprogramming\3dgameprogramming\gameproto_2camera_tutorial\gameproto\win32\debug\gameproto\actor.obj
c:\users\bmt.000\dropbox\2019gameprogramming\3dgameprogramming\gameproto_2camera_tutorial\gameproto\win32\debug\gameproto\debuggrid.obj
c:\users\bmt.000\dropbox\2019gameprogramming\3dgameprogramming\gameproto_2camera_tutorial\gameproto\win32\debug\gameproto\vertexarray.obj
c:\users\bmt.000\dropbox\2019gameprogramming\3dgameprogramming\gameproto_2camera\win32\debug\gameproto.ilk
c:\users\bmt.000\dropbox\2019gameprogramming\3dgameprogramming\gameproto_2camera\win32\debug\gameproto.exe
c:\users\bmt.000\dropbox\2019gameprogramming\3dgameprogramming\gameproto_2camera\win32\debug\gameproto.pdb
c:\users\bmt.000\dropbox\2019gameprogramming\3dgameprogramming\gameproto_2camera_tutorial\gameproto\win32\debug\gameproto\cameraactor.obj
c:\users\bmt.000\dropbox\2019gameprogramming\3dgameprogramming\gameproto_2camera_tutorial\gameproto\win32\debug\gameproto\vc141.idb
c:\users\bmt.000\dropbox\2019gameprogramming\3dgameprogramming\gameproto_2camera_tutorial\gameproto\win32\debug\gameproto\vc141.pdb
c:\users\bmt.000\dropbox\2019gameprogramming\3dgameprogramming\gameproto_2camera_tutorial\win32\debug\gameproto.pdb
c:\users\bmt.000\dropbox\2019gameprogramming\3dgameprogramming\gameproto_2camera_tutorial\win32\debug\gameproto.exe
c:\users\bmt.000\dropbox\2019gameprogramming\3dgameprogramming\gameproto_2camera_tutorial\win32\debug\gameproto.ilk
c:\users\bmt.000\dropbox\2019gameprogramming\3dgameprogramming\gameproto_2camera_tutorial\gameproto\win32\debug\gameproto\gameproto.tlog\cl.command.1.tlog
c:\users\bmt.000\dropbox\2019gameprogramming\3dgameprogramming\gameproto_2camera_tutorial\gameproto\win32\debug\gameproto\gameproto.tlog\cl.read.1.tlog
c:\users\bmt.000\dropbox\2019gameprogramming\3dgameprogramming\gameproto_2camera_tutorial\gameproto\win32\debug\gameproto\gameproto.tlog\cl.write.1.tlog
c:\users\bmt.000\dropbox\2019gameprogramming\3dgameprogramming\gameproto_2camera_tutorial\gameproto\win32\debug\gameproto\gameproto.tlog\link.command.1.tlog
c:\users\bmt.000\dropbox\2019gameprogramming\3dgameprogramming\gameproto_2camera_tutorial\gameproto\win32\debug\gameproto\gameproto.tlog\link.read.1.tlog
c:\users\bmt.000\dropbox\2019gameprogramming\3dgameprogramming\gameproto_2camera_tutorial\gameproto\win32\debug\gameproto\gameproto.tlog\link.write.1.tlog
