  Actor.cpp
  Animation.cpp
  BoneTransform.cpp
  CameraActor.cpp
  DebugGrid.cpp
  Game.cpp
c:\users\bmt.000\dropbox\2019gameprogramming\3dgameprogramming\gameproto_2camera\gameproto\game.cpp(180): warning C4477: 'printf' : 書式文字列 '%4d' には、型 'int' の引数が必要ですが、可変個引数 1 は型 'unsigned __int64' です
  c:\users\bmt.000\dropbox\2019gameprogramming\3dgameprogramming\gameproto_2camera\gameproto\game.cpp(180): note: 書式文字列に '%zd' を使用することをお勧めします
c:\users\bmt.000\dropbox\2019gameprogramming\3dgameprogramming\gameproto_2camera\gameproto\game.cpp(187): warning C4477: 'printf' : 書式文字列 '%4d' には、型 'int' の引数が必要ですが、可変個引数 1 は型 'unsigned __int64' です
  c:\users\bmt.000\dropbox\2019gameprogramming\3dgameprogramming\gameproto_2camera\gameproto\game.cpp(187): note: 書式文字列に '%zd' を使用することをお勧めします
  LookDownCamera.cpp
  main.cpp
  Math.cpp
  Mesh.cpp
c:\users\bmt.000\dropbox\2019gameprogramming\3dgameprogramming\gameproto_2camera\gameproto\mesh.cpp(215): warning C4267: '引数': 'size_t' から 'unsigned int' に変換しました。データが失われているかもしれません。
  MeshComponent.cpp
  PlayerActor.cpp
  Renderer.cpp
  Input.cpp
  Component.cpp
  Shader.cpp
  SkeletalMeshComponent.cpp
  Skeleton.cpp
  TestScene.cpp
  Texture.cpp
  コードを生成中...
  コンパイル中...
  VertexArray.cpp
  コードを生成中...
Animation.obj : error LNK2019: 未解決の外部シンボル SDL_Log が関数 "public: bool __cdecl Animation::Load(class std::basic_string<char,struct std::char_traits<char>,class std::allocator<char> > const &)" (?Load@Animation@@QEAA_NAEBV?$basic_string@DU?$char_traits@D@std@@V?$allocator@D@2@@std@@@Z) で参照されました。
Skeleton.obj : error LNK2001: 外部シンボル "SDL_Log" は未解決です。
DebugGrid.obj : error LNK2001: 外部シンボル "__imp___glewBindBuffer" は未解決です。
VertexArray.obj : error LNK2001: 外部シンボル "__imp___glewBindBuffer" は未解決です。
DebugGrid.obj : error LNK2001: 外部シンボル "__imp___glewBufferData" は未解決です。
VertexArray.obj : error LNK2001: 外部シンボル "__imp___glewBufferData" は未解決です。
DebugGrid.obj : error LNK2001: 外部シンボル "__imp___glewGenBuffers" は未解決です。
VertexArray.obj : error LNK2001: 外部シンボル "__imp___glewGenBuffers" は未解決です。
DebugGrid.obj : error LNK2001: 外部シンボル "__imp___glewEnableVertexAttribArray" は未解決です。
VertexArray.obj : error LNK2001: 外部シンボル "__imp___glewEnableVertexAttribArray" は未解決です。
DebugGrid.obj : error LNK2001: 外部シンボル "__imp___glewVertexAttribPointer" は未解決です。
VertexArray.obj : error LNK2001: 外部シンボル "__imp___glewVertexAttribPointer" は未解決です。
DebugGrid.obj : error LNK2001: 外部シンボル "__imp___glewBindVertexArray" は未解決です。
VertexArray.obj : error LNK2001: 外部シンボル "__imp___glewBindVertexArray" は未解決です。
DebugGrid.obj : error LNK2001: 外部シンボル "__imp___glewGenVertexArrays" は未解決です。
VertexArray.obj : error LNK2001: 外部シンボル "__imp___glewGenVertexArrays" は未解決です。
Game.obj : error LNK2019: 未解決の外部シンボル SDL_GetError が関数 "public: bool __cdecl Game::Initialize(int,int,bool)" (?Initialize@Game@@QEAA_NHH_N@Z) で参照されました。
Renderer.obj : error LNK2001: 外部シンボル "SDL_GetError" は未解決です。
Game.obj : error LNK2019: 未解決の外部シンボル SDL_PollEvent が関数 "private: void __cdecl Game::Input(void)" (?Input@Game@@AEAAXXZ) で参照されました。
Game.obj : error LNK2019: 未解決の外部シンボル SDL_GetTicks が関数 "public: bool __cdecl Game::Initialize(int,int,bool)" (?Initialize@Game@@QEAA_NHH_N@Z) で参照されました。
Game.obj : error LNK2019: 未解決の外部シンボル SDL_Init が関数 "public: bool __cdecl Game::Initialize(int,int,bool)" (?Initialize@Game@@QEAA_NHH_N@Z) で参照されました。
Renderer.obj : error LNK2019: 未解決の外部シンボル SDL_CreateWindow が関数 "public: bool __cdecl Renderer::Initialize(int,int,bool)" (?Initialize@Renderer@@QEAA_NHH_N@Z) で参照されました。
Renderer.obj : error LNK2019: 未解決の外部シンボル SDL_SetWindowTitle が関数 "public: void __cdecl Renderer::SetWindowTitle(class std::basic_string<char,struct std::char_traits<char>,class std::allocator<char> > const &)" (?SetWindowTitle@Renderer@@QEAAXAEBV?$basic_string@DU?$char_traits@D@std@@V?$allocator@D@2@@std@@@Z) で参照されました。
Renderer.obj : error LNK2019: 未解決の外部シンボル SDL_SetWindowFullscreen が関数 "public: bool __cdecl Renderer::Initialize(int,int,bool)" (?Initialize@Renderer@@QEAA_NHH_N@Z) で参照されました。
Renderer.obj : error LNK2019: 未解決の外部シンボル SDL_DestroyWindow が関数 "public: void __cdecl Renderer::Shutdown(void)" (?Shutdown@Renderer@@QEAAXXZ) で参照されました。
Renderer.obj : error LNK2019: 未解決の外部シンボル SDL_GL_SetAttribute が関数 "public: bool __cdecl Renderer::Initialize(int,int,bool)" (?Initialize@Renderer@@QEAA_NHH_N@Z) で参照されました。
Renderer.obj : error LNK2019: 未解決の外部シンボル SDL_GL_CreateContext が関数 "public: bool __cdecl Renderer::Initialize(int,int,bool)" (?Initialize@Renderer@@QEAA_NHH_N@Z) で参照されました。
Renderer.obj : error LNK2019: 未解決の外部シンボル SDL_GL_DeleteContext が関数 "public: void __cdecl Renderer::Shutdown(void)" (?Shutdown@Renderer@@QEAAXXZ) で参照されました。
Renderer.obj : error LNK2019: 未解決の外部シンボル SDL_CreateRenderer が関数 "public: bool __cdecl Renderer::Initialize(int,int,bool)" (?Initialize@Renderer@@QEAA_NHH_N@Z) で参照されました。
Renderer.obj : error LNK2019: 未解決の外部シンボル __imp_glewInit が関数 "public: bool __cdecl Renderer::Initialize(int,int,bool)" (?Initialize@Renderer@@QEAA_NHH_N@Z) で参照されました。
Renderer.obj : error LNK2019: 未解決の外部シンボル IMG_Init が関数 "public: bool __cdecl Renderer::Initialize(int,int,bool)" (?Initialize@Renderer@@QEAA_NHH_N@Z) で参照されました。
Renderer.obj : error LNK2001: 外部シンボル "__imp_glewExperimental" は未解決です。
Input.obj : error LNK2019: 未解決の外部シンボル SDL_GetKeyboardState が関数 "public: void __cdecl Input::Update(void)" (?Update@Input@@QEAAXXZ) で参照されました。
Shader.obj : error LNK2001: 外部シンボル "__imp___glewAttachShader" は未解決です。
Shader.obj : error LNK2001: 外部シンボル "__imp___glewCompileShader" は未解決です。
Shader.obj : error LNK2001: 外部シンボル "__imp___glewCreateProgram" は未解決です。
Shader.obj : error LNK2001: 外部シンボル "__imp___glewCreateShader" は未解決です。
Shader.obj : error LNK2001: 外部シンボル "__imp___glewDeleteProgram" は未解決です。
Shader.obj : error LNK2001: 外部シンボル "__imp___glewDeleteShader" は未解決です。
Shader.obj : error LNK2001: 外部シンボル "__imp___glewGetProgramInfoLog" は未解決です。
Shader.obj : error LNK2001: 外部シンボル "__imp___glewGetProgramiv" は未解決です。
Shader.obj : error LNK2001: 外部シンボル "__imp___glewGetShaderInfoLog" は未解決です。
Shader.obj : error LNK2001: 外部シンボル "__imp___glewGetShaderiv" は未解決です。
Shader.obj : error LNK2001: 外部シンボル "__imp___glewGetUniformLocation" は未解決です。
Shader.obj : error LNK2001: 外部シンボル "__imp___glewLinkProgram" は未解決です。
Shader.obj : error LNK2001: 外部シンボル "__imp___glewShaderSource" は未解決です。
Shader.obj : error LNK2001: 外部シンボル "__imp___glewUniform1f" は未解決です。
Shader.obj : error LNK2001: 外部シンボル "__imp___glewUniform3fv" は未解決です。
Shader.obj : error LNK2001: 外部シンボル "__imp___glewUniformMatrix4fv" は未解決です。
Shader.obj : error LNK2001: 外部シンボル "__imp___glewUseProgram" は未解決です。
TestScene.obj : error LNK2019: 未解決の外部シンボル SDL_GL_SwapWindow が関数 "public: void __cdecl Renderer::WindowFlip(void)" (?WindowFlip@Renderer@@QEAAXXZ) で参照されました。
Texture.obj : error LNK2019: 未解決の外部シンボル SDL_FreeSurface が関数 "public: bool __cdecl Texture::Load(class std::basic_string<char,struct std::char_traits<char>,class std::allocator<char> > const &)" (?Load@Texture@@QEAA_NAEBV?$basic_string@DU?$char_traits@D@std@@V?$allocator@D@2@@std@@@Z) で参照されました。
Texture.obj : error LNK2019: 未解決の外部シンボル SDL_CreateTextureFromSurface が関数 "public: bool __cdecl Texture::Load(class std::basic_string<char,struct std::char_traits<char>,class std::allocator<char> > const &)" (?Load@Texture@@QEAA_NAEBV?$basic_string@DU?$char_traits@D@std@@V?$allocator@D@2@@std@@@Z) で参照されました。
Texture.obj : error LNK2019: 未解決の外部シンボル IMG_Load が関数 "public: bool __cdecl Texture::Load(class std::basic_string<char,struct std::char_traits<char>,class std::allocator<char> > const &)" (?Load@Texture@@QEAA_NAEBV?$basic_string@DU?$char_traits@D@std@@V?$allocator@D@2@@std@@@Z) で参照されました。
VertexArray.obj : error LNK2001: 外部シンボル "__imp___glewDeleteBuffers" は未解決です。
VertexArray.obj : error LNK2001: 外部シンボル "__imp___glewVertexAttribIPointer" は未解決です。
VertexArray.obj : error LNK2001: 外部シンボル "__imp___glewDeleteVertexArrays" は未解決です。
MSVCRTD.lib(exe_main.obj) : error LNK2019: 未解決の外部シンボル main が関数 "int __cdecl invoke_main(void)" (?invoke_main@@YAHXZ) で参照されました。
C:\Users\bmt.000\Dropbox\2019gameprogramming\3DGameProgramming\gameProto_2camera\..\Libraries\SDL\lib\win\x86\SDL2.lib : warning LNK4272: ライブラリのコンピューターの種類 'x86' がターゲットのコンピューターの種類' x64' と競合しています
C:\Users\bmt.000\Dropbox\2019gameprogramming\3DGameProgramming\gameProto_2camera\..\Libraries\SDL\lib\win\x86\SDL2main.lib : warning LNK4272: ライブラリのコンピューターの種類 'x86' がターゲットのコンピューターの種類' x64' と競合しています
C:\Users\bmt.000\Dropbox\2019gameprogramming\3DGameProgramming\gameProto_2camera\..\Libraries\SDL\lib\win\x86\SDL2_ttf.lib : warning LNK4272: ライブラリのコンピューターの種類 'x86' がターゲットのコンピューターの種類' x64' と競合しています
C:\Users\bmt.000\Dropbox\2019gameprogramming\3DGameProgramming\gameProto_2camera\..\Libraries\SDL\lib\win\x86\SDL2_mixer.lib : warning LNK4272: ライブラリのコンピューターの種類 'x86' がターゲットのコンピューターの種類' x64' と競合しています
C:\Users\bmt.000\Dropbox\2019gameprogramming\3DGameProgramming\gameProto_2camera\..\Libraries\SDL\lib\win\x86\SDL2_image.lib : warning LNK4272: ライブラリのコンピューターの種類 'x86' がターゲットのコンピューターの種類' x64' と競合しています
C:\Users\bmt.000\Dropbox\2019gameprogramming\3DGameProgramming\gameProto_2camera\..\Libraries\GLEW\lib\win\x86\glew32.lib : warning LNK4272: ライブラリのコンピューターの種類 'x86' がターゲットのコンピューターの種類' x64' と競合しています
C:\Users\bmt.000\Dropbox\2019gameprogramming\3DGameProgramming\gameProto_2camera\x64\Debug\gameProto.exe : fatal error LNK1120: 49 件の未解決の外部参照
